GAXERA: BOOT_STACK_READY
GAXERA: DESCRIPTORS_AND_IDT_READY
GAXERA: BOOT_CONTEXT_READY kernel_phys=0x0000000019d2b000 kernel_virt=0xffffffff80000000 rsdp_phys=0x000000001fb7e014
GAXERA: BOOTSTRAP_FRAME_ALLOCATOR_READY ranges=8
GAXERA: PAGING_HHDM_MAPPED
GAXERA: PAGING_TEXT_MAPPED
GAXERA: PAGING_FRAMEBUFFER_MAPPED
GAXERA: PAGE_TABLES_READY root=0x0000000000000000 reservations=3
GAXERA: CR3_GAXERA_OWNED
GAXERA: PHYSICAL_FRAME_ALLOCATOR_READY frames=115778 bitmap_words=1810
GAXERA: MEMORY_FOUNDATION_OK heap=0xfffffe8000001000 size=2097152 lower_guard=0xfffffe8000000000
GAXERA: KERNEL_ENTRY_OK
GAXERA: FRAMEBUFFER_OK (1280x800, pitch: 5120)
GAXERA: TEST_PATTERN_DRAWN
GAXERA: ACPI_MADT_READY local_apic_phys=0x00000000fee00000 override=false
GAXERA: ACPI_TEMPORARY_WINDOW_RELEASED
GAXERA: LOCAL_APIC_READY phys=0x00000000fee00000 vector=0xe0
GAXERA: PREEMPTION_TIMER_READY ticks_per_ms=63378
GAXERA: SHARED_MEMORY_TEST_START
GAXERA: SHARED_MEMORY_OK
Guest-confirmed QEMU test passed.
