=== GAXERA V0.8 CAPABILITY MICROKERNEL FULL SUITE VERIFICATION LOG ===
Date: 2026-07-23
Commit: HEAD
Environment: Linux x86_64; QEMU 10.2.1; Rust nightly-2026-07-13
Bootloader: Limine 12.4.2

1. Host Unit Tests (`cargo test -p libgaxera -p kernel-core`):
- 62 passed in kernel-core
- 2 passed in libgaxera
- Result: 64 passed cleanly (0 failed)

2. Guest Integration Profiles (`cargo xtask test`):
- Normal UEFI Handoff: PASSED
- Interrupt & Notification: PASSED
- MMIO Driver: PASSED
- Userspace Runtime: PASSED
- Service Registry: PASSED
- IPC Fast-Path Benchmark: PASSED
- Boot / Panic / Heap Guard / APIC Timer / Exception Profiles: 33 profiles PASSED
- Result: === ALL INTEGRATION CHECKS PASSED PERFECTLY ===

3. Code Formatting:
- `cargo fmt --all`: PASSED cleanly with zero warnings
